<?xml version="1.0" encoding="UTF-8"?>
<testsuite name="models.ShoppingCartTest" tests="1" skipped="0" failures="0" errors="0" timestamp="2022-01-20T13:37:21" hostname="fiona-ThinkPad-T460s" time="0.002">
  <properties/>
  <testcase name="AllPricesAreCorrectlyReturned_true" classname="models.ShoppingCartTest" time="0.002"/>
  <system-out><![CDATA[]]></system-out>
  <system-err><![CDATA[]]></system-err>
</testsuite>
